<?xml version="1.0" encoding="UTF-8"?>
<testsuite xmlns:xsi="http://www.w3.org/2001/XMLSchema-instance" xsi:noNamespaceSchemaLocation="https://maven.apache.org/surefire/maven-surefire-plugin/xsd/surefire-test-report.xsd" version="3.0.2" name="es.udc.ws.app.test.model.appservice.EncuestaTest" time="0.014" tests="3" errors="0" skipped="0" failures="0">
  <properties>
[...]
</properties>
  <testcase name="testSettersYGetters" classname="es.udc.ws.app.test.model.appservice.EncuestaTest" time="0.002"/>
  <testcase name="testIsAbierta" classname="es.udc.ws.app.test.model.appservice.EncuestaTest" time="0.003"/>
  <testcase name="testConstructores" classname="es.udc.ws.app.test.model.appservice.EncuestaTest" time="0.003"/>
</testsuite>